make all --print-data-base --no-builtin-variables --no-builtin-rules --question
# GNU Make 4.2.1
# Built for x86_64-pc-linux-gnu
# Copyright (C) 1988-2016 Free Software Foundation, Inc.
# License GPLv3+: GNU GPL version 3 or later <http://gnu.org/licenses/gpl.html>
# This is free software: you are free to change and redistribute it.
# There is NO WARRANTY, to the extent permitted by law.

# Make data base, printed on Sun May 29 00:29:51 2022

# Variables

# automatic
<D = $(patsubst %/,%,$(dir $<))
# automatic
?F = $(notdir $?)
# default
.SHELLFLAGS := -c
# environment
XDG_SESSION_CLASS = user
# environment
VSCODE_AGENT_FOLDER = /home/toru/.vscode-server
# environment
XDG_SESSION_TYPE = tty
# environment
VSCODE_LOG_NATIVE = false
# automatic
?D = $(patsubst %/,%,$(dir $?))
# automatic
@D = $(patsubst %/,%,$(dir $@))
# automatic
@F = $(notdir $@)
# default
MAKE_VERSION := 4.2.1
# makefile
CURDIR := /home/toru/Network-Traffic-Analyzer/src
# makefile
SHELL = /bin/sh
# environment
VSCODE_NLS_CONFIG = {"locale":"zh-cn","availableLanguages":{}}
# environment
_ = /home/toru/.vscode-server/bin/c3511e6c69bb39013c4a4b7b9566ec1ca73fc4d5/node
 
# makefile (from 'Makefile', line 1)
MAKEFILE_LIST :=  Makefile
# 'override' directive
GNUMAKEFLAGS := 
# environment
XDG_DATA_DIRS = /home/toru/.local/share/flatpak/exports/share:/var/lib/flatpak/exports/share:/usr/local/share:/usr/share:/var/lib/snapd/desktop
# environment
DBUS_SESSION_BUS_ADDRESS = unix:path=/run/user/1001/bus
# environment
VSCODE_VERBOSE_LOGGING = true
# environment
LESSOPEN = | /usr/bin/lesspipe %s
# environment
VSCODE_CWD = /home/toru
# environment
SSH_CONNECTION = 127.0.0.1 53260 127.0.0.1 22
# environment
PATH = /home/toru/.vscode-server/bin/c3511e6c69bb39013c4a4b7b9566ec1ca73fc4d5/bin/remote-cli:/usr/local/sbin:/usr/local/bin:/usr/sbin:/usr/bin:/sbin:/bin:/usr/games:/usr/local/games:/snap/bin
# environment
XDG_RUNTIME_DIR = /run/user/1001
# environment
VSCODE_LOG_STACK = false
# environment
VSCODE_IPC_HOOK_CLI = /run/user/1001/vscode-ipc-2764b668-d48e-41b0-a10a-6bd45402ed94.sock
# default
.FEATURES := target-specific order-only second-expansion else-if shortest-stem undefine oneshell archives jobserver output-sync check-symlink load
# environment
LS_COLORS = 
# environment
SSH_AUTH_SOCK = /run/user/1001/vscode-ssh-auth-sock-715525046
# automatic
%F = $(notdir $%)
# environment
VSCODE_PIPE_LOGGING = true
# environment
PWD = /home/toru/Network-Traffic-Analyzer/src
# default
.LOADED := 
# automatic
*D = $(patsubst %/,%,$(dir $*))
# environment
VSCODE_AMD_ENTRYPOINT = vs/workbench/api/node/extensionHostProcess
# environment
HOME = /home/toru
# environment
LESSCLOSE = /usr/bin/lesspipe %s %s
# environment
LOGNAME = toru
# environment
APPLICATION_INSIGHTS_NO_DIAGNOSTIC_CHANNEL = true
# automatic
+F = $(notdir $+)
# environment
VSCODE_HANDLES_UNCAUGHT_ERRORS = true
# automatic
^D = $(patsubst %/,%,$(dir $^))
# environment
MAKELEVEL := 0
# default
MAKE = $(MAKE_COMMAND)
# default
MAKECMDGOALS := all
# environment
SHLVL = 1
# environment
XDG_SESSION_ID = 831
# environment
USER = toru
# makefile
.DEFAULT_GOAL := all
# automatic
%D = $(patsubst %/,%,$(dir $%))
# default
MAKE_COMMAND := make
# default
.VARIABLES := 
# automatic
*F = $(notdir $*)
# environment
LANGUAGE = en_US:en
# makefile
MAKEFLAGS = pqrR
# environment
MFLAGS = -pqrR
# environment
SSH_CLIENT = 127.0.0.1 53260 22
# automatic
+D = $(patsubst %/,%,$(dir $+))
# environment
BROWSER = /home/toru/.vscode-server/bin/c3511e6c69bb39013c4a4b7b9566ec1ca73fc4d5/bin/helpers/browser.sh
# environment
VSCODE_HANDLES_SIGPIPE = true
# default
MAKEFILES := 
# automatic
<F = $(notdir $<)
# environment
LOCAL = -DLOCAL
# environment
LC_ALL = C
# automatic
^F = $(notdir $^)
# default
SUFFIXES := 
# default
.INCLUDE_DIRS = /usr/include /usr/local/include /usr/include
# default
.RECIPEPREFIX := 
# default
MAKE_HOST := x86_64-pc-linux-gnu
# environment
LANG = C
# environment
VSCODE_EXTHOST_WILL_SEND_SOCKET = true
# environment
MOTD_SHOWN = pam
# variable set hash-table stats:
# Load=73/1024=7%, Rehash=0, Collisions=9/101=9%

# Pattern-specific Variable Values

# No pattern-specific variable values.

# Directories

# . (device 66308, inode 2099854): 13 files, no impossibilities.

# 13 files, no impossibilities in 1 directories.

# Implicit Rules

# No implicit rules.

# Files

# Not a target:
data_analysis.c:
#  Implicit rule search has been done.
#  Last modified 2022-05-29 00:29:26.077959689
#  File has been updated.
#  Successfully updated.

all: ana catch
#  Command line target.
#  Implicit rule search has been done.
#  File does not exist.
#  File has been updated.
#  Needs to be updated (-q is set).
# variable set hash-table stats:
# Load=0/32=0%, Rehash=0, Collisions=0/3=0%

# Not a target:
.SUFFIXES:
#  Implicit rule search has not been done.
#  Modification time never checked.
#  File has not been updated.

# Not a target:
Makefile:
#  Implicit rule search has been done.
#  Last modified 2022-05-29 00:28:16.841669915
#  File has been updated.
#  Successfully updated.

ana: data_analysis.o
#  Implicit rule search has not been done.
#  Last modified 2022-05-29 00:27:48.24155031
#  File has been updated.
#  Needs to be updated (-q is set).
# variable set hash-table stats:
# Load=0/32=0%, Rehash=0, Collisions=0/3=0%
#  recipe to execute (from 'Makefile', line 4):
	gcc $< -o $@ -lpcap

catch_packet.o: catch_packet.c
#  Implicit rule search has not been done.
#  Modification time never checked.
#  File has not been updated.
 
#  recipe to execute (from 'Makefile', line 10):
	gcc -c catch_packet.c -o catch_packet.o -g

catch: catch_packet.o
#  Implicit rule search has not been done.
#  Modification time never checked.
#  File has not been updated.
#  recipe to execute (from 'Makefile', line 7):
	gcc $< -o $@ -lpcap -lpthread

# Not a target:
.DEFAULT:
#  Implicit rule search has not been done.
#  Modification time never checked.
#  File has not been updated.

clean:
#  Implicit rule search has not been done.
#  Modification time never checked.
#  File has not been updated.
#  recipe to execute (from 'Makefile', line 16):
	rm -rf ana catch *.o *.data

data_analysis.o: data_analysis.c
#  Implicit rule search has not been done.
#  Implicit/static pattern stem: ''
#  Last modified 2022-05-29 00:27:48.22955026
#  File has been updated.
#  Needs to be updated (-q is set).
# automatic
# @ := data_analysis.o
# automatic
# % := 
# automatic
# * := 
# automatic
# + := data_analysis.c
# automatic
# | := 
# automatic
# < := data_analysis.c
# automatic
# ^ := data_analysis.c
# automatic
# ? := data_analysis.c
# variable set hash-table stats:
# Load=8/32=25%, Rehash=0, Collisions=1/11=9%
#  recipe to execute (from 'Makefile', line 13):
	gcc -c data_analysis.c -o data_analysis.o -g

# Not a target:
catch_packet.c:
#  Implicit rule search has not been done.
#  Modification time never checked.
#  File has not been updated.

# files hash-table stats:
# Load=11/1024=1%, Rehash=0, Collisions=0/33=0%
# VPATH Search Paths

# No 'vpath' search paths.

# No general ('VPATH' variable) search path.

# strcache buffers: 1 (0) / strings = 19 / storage = 187 B / avg = 9 B
# current buf: size = 8162 B / used = 187 B / count = 19 / avg = 9 B

# strcache performance: lookups = 41 / hit rate = 53%
# hash-table stats:
 
# Load=19/8192=0%, Rehash=0, Collisions=1/41=2%
# Finished Make data base on Sun May 29 00:29:51 2022

 
